Microsoft (R) Macro Assembler Version 6.11		    04/09/22 16:15:58
43.asm							     Page 1 - 1


				assume cs:codesg, ds:data

 0000				data segment
 0000  31 39 37 35 31 39	  db '1975', '1976', '1977', '1978', '1979', '1980', '1981', '1982', '1983'
       37 36 31 39 37 37
       31 39 37 38 31 39
       37 39 31 39 38 30
       31 39 38 31 31 39
       38 32 31 39 38 33
 0024  31 39 38 34 31 39	  db '1984', '1985', '1986', '1987', '1988', '1989', '1990', '1991', '1992'
       38 35 31 39 38 36
       31 39 38 37 31 39
       38 38 31 39 38 39
       31 39 39 30 31 39
       39 31 31 39 39 32
 0048  31 39 39 33 31 39	  db '1993', '1994', '1995'
       39 34 31 39 39 35
				  ;ä»¥ä¸Šæ˜¯è¡¨ï¿?1å¹´çš„21ä¸ªå­—ç¬¦ä¸²

 0054  00000010 00000016	  dd 16,22,382,1356,2390,8000,16000,24486,50065,97479,140417,197514
       0000017E 0000054C
       00000956 00001F40
       00003E80 00005FA6
       0000C391 00017CC7
       00022481 0003038A
 0084  0005477C 000903EB	  dd 345980,590827,803530,1183000,1843000,2759000,3753000,4649000,5937000
       000C42CA 00120D18
       001C1F38 002A1958
       00394428 0046F028
       005A9768
				  ;ä»¥ä¸Šæ˜¯è¡¨ï¿?1å¹´å…¬å¸æ€»æ”¶å…¥çš„21ä¸ªdwordåž‹æ•°ï¿?

 00A8  0003 0007 0009		  dw 3,7,9,13,28,38,130,220,476,778,1001,1442,2258,2793,4037,5635,8226
       000D 001C 0026
       0082 00DC 01DC
       030A 03E9 05A2
       08D2 0AE9 0FC5
       1603 2022
 00CA  2D16 385E 3B99		  dw 11542,14430,15257,17800
       4588
				  ;ä»¥ä¸Šè¡¨ç¤º21å¹´å…¬å¸é›‡å‘˜äººæ•°çš„21ä¸ªwordåž‹æ•°ï¿?
 00D2				data ends

 0000				cache segment
 0000  0008 [			  dw 8 dup (0)
        0000
       ]
 0010				cache ends

 0000				stack segment
 0000  0010 [			  db 16 dup (0)
        00
       ]
 0010				stack ends

 0000				table segment
 0000  0015 [			  db 21 dup ('year summ ne ?? ')
        79 65 61 72 20 73
        75 6D 6D 20 6E 65
        20 3F 3F 20
       ]
 0150				table ends

 0000				codesg segment
				          ;
 0000  B8 ---- R		  start:  mov ax, data
 0003  8E D8			          mov ds, ax

				          ;es init value
 0005  B8 ---- R		          mov ax, table
 0008  8E C0			          mov es, ax

				          ;stack init value
 000A  B8 ---- R		          mov ax, stack
 000D  8E D0			          mov ss, ax
 000F  BC 0010			          mov sp, 16

				          ;loop init value
 0012  B9 0015			          mov cx, 21
 0015  BB 0000			          mov bx, 0

				          ;ds -> cache
 0018  B8 ---- R		          mov ax, cache
 001B  8E D8			          mov ds, ax

				          ;set year offset in caceh
 001D  B8 0000			          mov ax, 0
 0020  A3 0000			          mov ds:[0], ax

				          ;set salary offset in caceh
 0023  83 C0 54			          add ax, 84
 0026  A3 0002			          mov ds:[2], ax

				          ;set employee offset in caceh
 0029  83 C0 54			          add ax, 84
 002C  A3 0004			          mov ds:[4], ax

				          ;be used in ES
 002F  BB 0000			          mov bx, 0

				          ;-------------------year--start----------------------
 0032  B8 ---- R		      so: mov ax, cache
 0035  8E D8			          mov ds, ax
 0037  8B 36 0000		          mov si, ds:[0]

 003B  B8 ---- R		          mov ax, data
 003E  8E D8			          mov ds, ax
				          
				          ;get value
 0040  8B 04			          mov ax, ds:[si]
				          ;set value
 0042  26: 89 07		          mov es:[bx], ax

				          ;get value
 0045  8B 44 02			          mov ax, ds:[si+2]
				          ;set value
 0048  26: 89 47 02		          mov es:[bx+2], ax

				          ;update offset of cache[0]
 004C  B8 ---- R		          mov ax, cache
 004F  8E D8			          mov ds, ax
 0051  83 C6 04			          add si, 4
 0054  89 36 0000		          mov ds:[0], si
				          ;-------------------year--end----------------------
				          ;-------------------salary--start----------------------
				          ;set si value
				          ;mov ax, cache
				          ;mov ds, ax
 0058  8B 36 0002		          mov si, ds:[2]

				          ;set ds value
 005C  B8 ---- R		          mov ax, data
 005F  8E D8			          mov ds, ax

				          ;get value
 0061  8B 04			          mov ax, ds:[si]
				          ;set value
 0063  26: 89 47 05		          mov es:[bx+5], ax

				          ;get value
 0067  8B 44 02			          mov ax, ds:[si+2]
				          ;set value
 006A  26: 89 47 07		          mov es:[bx+5+2], ax

				          ;set si in cache
 006E  B8 ---- R		          mov ax, cache
 0071  8E D8			          mov ds, ax
 0073  83 C6 04			          add si, 4
 0076  89 36 0002		          mov ds:[2], si
				          ;-------------------salary--end----------------------
				          ;-------------------employee--start----------------------
				          ;set si value
				          ;mov ax, cache
				          ;mov ds, ax
 007A  8B 36 0004		          mov si, ds:[4]

				          ;set ds value
 007E  B8 ---- R		          mov ax, data
 0081  8E D8			          mov ds, ax

				          ;get value
 0083  8B 04			          mov ax, ds:[si]
				          ;set value
 0085  26: 89 47 0A		          mov es:[bx+10], ax

				          ;set si in cache
 0089  B8 ---- R		          mov ax, cache
 008C  8E D8			          mov ds, ax
 008E  83 C6 02			          add si, 2
 0091  89 36 0004		          mov ds:[4], si
				          ;-------------------employee--end----------------------
				          ;-------------------avg--income--start----------------------
 0095  26: 8B 47 05		          mov ax, es:[bx+5]
 0099  26: 8B 57 07		          mov dx, es:[bx+7]
 009D  26: F7 77 0A		          div word ptr es:[bx+10]
 00A1  26: 89 47 0D		          mov es:[bx+13], ax
				          ;-------------------avg--income--end----------------------
 00A5  83 C3 10			          add bx, 16
 00A8  E2 88			          loop so

 00AA  B8 4C00			          mov ax, 4c00h
 00AD  CD 21			          int 21h
 00AF				codesg ends

				end start

Microsoft (R) Macro Assembler Version 6.11		    04/09/22 16:15:58
43.asm							     Symbols 2 - 1




Segments and Groups:

                N a m e                 Size     Length   Align   Combine Class

cache  . . . . . . . . . . . . .	16 Bit	 0010	  Para	  Private 
codesg . . . . . . . . . . . . .	16 Bit	 00AF	  Para	  Private 
data . . . . . . . . . . . . . .	16 Bit	 00D2	  Para	  Private 
stack  . . . . . . . . . . . . .	16 Bit	 0010	  Para	  Private 
table  . . . . . . . . . . . . .	16 Bit	 0150	  Para	  Private 


Symbols:

                N a m e                 Type     Value    Attr

so . . . . . . . . . . . . . . .	L Near	 0032	  codesg	
start  . . . . . . . . . . . . .	L Near	 0000	  codesg	

	   0 Warnings
	   0 Errors
