Microsoft (R) Macro Assembler Version 6.11		    04/11/22 13:38:14
45.asm							     Page 1 - 1


				assume cs:codesg, ds:data, es:table

 0000				data segment
 0000  31 39 37 35 31 39	  db '1975', '1976', '1977', '1978', '1979', '1980', '1981', '1982', '1983'
       37 36 31 39 37 37
       31 39 37 38 31 39
       37 39 31 39 38 30
       31 39 38 31 31 39
       38 32 31 39 38 33
 0024  31 39 38 34 31 39	  db '1984', '1985', '1986', '1987', '1988', '1989', '1990', '1991', '1992'
       38 35 31 39 38 36
       31 39 38 37 31 39
       38 38 31 39 38 39
       31 39 39 30 31 39
       39 31 31 39 39 32
 0048  31 39 39 33 31 39	  db '1993', '1994', '1995'
       39 34 31 39 39 35

 0054  00000010 00000016	  dd 16,22,382,1356,2390,8000,16000,24486,50065,97479,140417,197514
       0000017E 0000054C
       00000956 00001F40
       00003E80 00005FA6
       0000C391 00017CC7
       00022481 0003038A
 0084  0005477C 000903EB	  dd 345980,590827,803530,1183000,1843000,2759000,3753000,4649000,5937000
       000C42CA 00120D18
       001C1F38 002A1958
       00394428 0046F028
       005A9768

 00A8  0003 0007 0009		  dw 3,7,9,13,28,38,130,220,476,778,1001,1442,2258,2793,4037,5635,8226
       000D 001C 0026
       0082 00DC 01DC
       030A 03E9 05A2
       08D2 0AE9 0FC5
       1603 2022
 00CA  2D16 385E 3B99		  dw 11542,14430,15257,17800
       4588
 00D2				data ends

 0000				table segment
 0000  0015 [			  db 21 dup ('year summ ne ?? ')
        79 65 61 72 20 73
        75 6D 6D 20 6E 65
        20 3F 3F 20
       ]
 0150				table ends

 0000				codesg segment
 0000  B8 ---- R		  start:  mov ax, data
 0003  8E D8			          mov ds, ax

 0005  B8 ---- R		          mov ax, table
 0008  8E C0			          mov es, ax

 000A  BB 0000			          mov bx, 0
 000D  BE 0000			          mov si, 0
 0010  BF 0000			          mov di, 0
 0013  B9 0015			          mov cx, 21

 0016  8B 07			      s:  mov ax, [bx]
 0018  26: 89 04		          mov es:[si], ax
 001B  8B 47 02			          mov ax, [bx+2]
 001E  26: 89 44 02		          mov es:[si+2], ax

 0022  8B 47 54			          mov ax, [bx+84]
 0025  26: 89 44 05		          mov es:[si+5], ax
 0029  8B 57 56			          mov dx, [bx+86]
 002C  26: 89 54 07		          mov es:[si+7], dx

 0030  F7 B5 00A8		          div word ptr ds:[di+168]
 0034  26: 89 44 0D		          mov es:[si+13], ax

 0038  8B 85 00A8		          mov ax, [di+168]
 003C  26: 89 44 0A		          mov es:[si+10], ax

 0040  83 C7 02			          add di, 2
 0043  83 C3 04			          add bx, 4
 0046  83 C6 10			          add si, 16
 0049  E2 CB			          loop s

 004B  B8 4C00			          mov ax, 4c00h
 004E  CD 21			          int 21h
 0050				codesg ends

				end start
Microsoft (R) Macro Assembler Version 6.11		    04/11/22 13:38:14
45.asm							     Symbols 2 - 1




Segments and Groups:

                N a m e                 Size     Length   Align   Combine Class

codesg . . . . . . . . . . . . .	16 Bit	 0050	  Para	  Private 
data . . . . . . . . . . . . . .	16 Bit	 00D2	  Para	  Private 
table  . . . . . . . . . . . . .	16 Bit	 0150	  Para	  Private 


Symbols:

                N a m e                 Type     Value    Attr

start  . . . . . . . . . . . . .	L Near	 0000	  codesg	
s  . . . . . . . . . . . . . . .	L Near	 0016	  codesg	

	   0 Warnings
	   0 Errors
