Microsoft (R) Macro Assembler Version 6.11		    04/21/22 23:22:48
57.asm							     Page 1 - 1


				assume cs:code

 0000				code segment
 0000  B8 0000			  mov ax, 0
 0003  E8 0001			  call s
 0006  40			  inc ax
 0007  58			s:pop ax

 0008				code ends

				end 
Microsoft (R) Macro Assembler Version 6.11		    04/21/22 23:22:48
57.asm							     Symbols 2 - 1




Segments and Groups:

                N a m e                 Size     Length   Align   Combine Class

code . . . . . . . . . . . . . .	16 Bit	 0008	  Para	  Private 


Symbols:

                N a m e                 Type     Value    Attr

s  . . . . . . . . . . . . . . .	L Near	 0007	  code	

	   0 Warnings
	   0 Errors
